<?xml version="1.0" encoding="UTF-8"?>
<!-- Generated by org.testng.reporters.JUnitReportReporter -->
<testsuite hostname="RAJA" failures="0" tests="3" name="com.actitime.testcases.TC_01_ActitimeLoginLogout" time="18.370" errors="0" timestamp="2023-08-05T11:20:15 IST" skipped="0">
  <testcase classname="com.actitime.testcases.TC_01_ActitimeLoginLogout" name="logout" time="1.963"/>
  <system-out/>
  <testcase classname="com.actitime.testcases.TC_01_ActitimeLoginLogout" name="titlevalidation" time="5.944"/>
  <system-out/>
  <testcase classname="com.actitime.testcases.TC_01_ActitimeLoginLogout" name="login" time="10.463"/>
  <system-out/>
</testsuite> <!-- com.actitime.testcases.TC_01_ActitimeLoginLogout -->
