<?xml version="1.0" encoding="UTF-8"?>
<!-- Generated by org.testng.reporters.JUnitReportReporter -->
<testsuite hostname="RAJA" failures="0" tests="3" name="com.actitime.testcases.TC_01_ActitimeLoginLogout" time="17.018" errors="0" timestamp="2023-08-06T12:00:34 IST" skipped="0">
  <testcase classname="com.actitime.testcases.TC_01_ActitimeLoginLogout" name="login" time="9.314"/>
  <system-out/>
  <testcase classname="com.actitime.testcases.TC_01_ActitimeLoginLogout" name="titlevalidation" time="5.425"/>
  <system-out/>
  <testcase classname="com.actitime.testcases.TC_01_ActitimeLoginLogout" name="logout" time="2.279"/>
  <system-out/>
</testsuite> <!-- com.actitime.testcases.TC_01_ActitimeLoginLogout -->
